Auto update files.[周日 2024/09/22 23:29:37.36] 
Auto update files.[周日 2024/09/22 23:30:32.68] 
Auto update files.[周日 2024/09/22 23:32:36.55] 
Auto update files.[周日 2024/09/22 23:35:18.88] 
Auto update files.[周日 2024/09/22 23:38:25.72] 
Auto update files.[周日 2024/09/22 23:43:35.07] 
Auto update files.[周一 2024/09/23 11:36:17.19] 
Auto update files.[周三 2024/09/25 22:33:48.77] 
Auto update files.[周三 2024/09/25 22:36:05.62] 
Auto update files.[周三 2024/09/25 22:41:28.21] 
Auto update files.[周三 2024/09/25 22:43:28.99] 
Auto update files.[周三 2024/09/25 22:45:46.62] 
Auto update files.[周三 2024/09/25 23:46:25.09] 
Auto update files.[周四 2024/09/26  0:53:30.29] 
Auto update files.[周二 2024/10/08 16:59:28.98] 
Auto update files.[周三 2024/10/16 21:49:44.72] 
Auto update files.[周三 2024/10/16 23:55:21.62] 
Auto update files.[周四 2024/10/17 10:42:38.67] 
Auto update files.[周四 2024/10/17 10:47:25.28] 
Auto update files.[周四 2024/10/17 12:19:18.65] 
Auto update files.[周四 2024/10/17 14:12:58.06] 
Auto update files.[周六 2024/10/19  1:00:15.92] 
Auto update files.[周六 2024/10/19 16:53:20.53] 
Auto update files.[周三 2024/10/23 20:09:27.51] 
Auto update files.[周四 2024/11/21 12:52:22.11] 
Auto update files.[周四 2024/11/28 17:33:17.23] 
Auto update files.[周五 2024/12/13 22:43:49.84] 
Auto update files.[周五 2024/12/20 14:24:32.34] 
Auto update files.[周五 2024/12/27 19:44:43.30] 
Auto update files.[周六 2024/12/28  1:47:46.16] 
